<?xml version="1.0" encoding="UTF-8"?>
<!-- Generated by org.testng.reporters.JUnitReportReporter -->
<testsuite hostname="DESKTOP-230DGHF" name="Package1.Class1" tests="1" failures="0" timestamp="23 Nov 2020 08:19:45 GMT" time="0.476" errors="0">
  <testcase name="f" time="0.476" classname="Package1.Class1"/>
</testsuite> <!-- Package1.Class1 -->
